c:\users\kris\desktop\reference\c\ds\list\list\debug\listmain.obj
c:\users\kris\desktop\reference\c\ds\list\list\debug\vc110.pdb
c:\users\kris\desktop\reference\c\ds\list\debug\list.ilk
c:\users\kris\desktop\reference\c\ds\list\debug\list.exe
c:\users\kris\desktop\reference\c\ds\list\debug\list.pdb
i:\reference\编程语言\ds\list\list\debug\vc140.pdb
i:\reference\编程语言\ds\list\list\debug\vc140.idb
i:\reference\编程语言\ds\list\list\debug\listmain.obj
i:\reference\编程语言\ds\list\list\debug\linklist.obj
i:\reference\编程语言\ds\list\debug\list.ilk
i:\reference\编程语言\ds\list\debug\list.exe
i:\reference\编程语言\ds\list\debug\list.pdb
i:\reference\编程语言\ds\list\list\debug\cl.command.1.tlog
i:\reference\编程语言\ds\list\list\debug\cl.read.1.tlog
i:\reference\编程语言\ds\list\list\debug\cl.write.1.tlog
i:\reference\编程语言\ds\list\list\debug\link-cvtres.read.1.tlog
i:\reference\编程语言\ds\list\list\debug\link-cvtres.write.1.tlog
i:\reference\编程语言\ds\list\list\debug\link-rc.read.1.tlog
i:\reference\编程语言\ds\list\list\debug\link-rc.write.1.tlog
i:\reference\编程语言\ds\list\list\debug\link.command.1.tlog
i:\reference\编程语言\ds\list\list\debug\link.read.1.tlog
i:\reference\编程语言\ds\list\list\debug\link.write.1.tlog
i:\reference\编程语言\ds\list\list\debug\vc110.idb
i:\reference\编程语言\ds\list\list\debug\vc110.pdb
i:\reference\编程语言\ds\list\list\debug\list.tlog\cl.command.1.tlog
i:\reference\编程语言\ds\list\list\debug\list.tlog\cl.read.1.tlog
i:\reference\编程语言\ds\list\list\debug\list.tlog\cl.write.1.tlog
i:\reference\编程语言\ds\list\list\debug\list.tlog\link.command.1.tlog
i:\reference\编程语言\ds\list\list\debug\list.tlog\link.read.1.tlog
i:\reference\编程语言\ds\list\list\debug\list.tlog\link.write.1.tlog
